<?xml version="1.0" encoding="UTF-8"?>
<!-- Generated by org.testng.reporters.JUnitReportReporter -->
<testsuite skipped="0" hostname="LAPTOP-VA41J6ID" name="pratice_tn.testngm.Praticals" tests="2" failures="0" timestamp="24 Jan 2020 05:19:40 GMT" time="0.028" errors="0">
  <testcase name="bike" time="0.018" classname="pratice_tn.testngm.Praticals"/>
  <testcase name="car" time="0.010" classname="pratice_tn.testngm.Praticals"/>
</testsuite> <!-- pratice_tn.testngm.Praticals -->
