<?xml version="1.0" encoding="UTF-8"?>
<!-- Generated by org.testng.reporters.JUnitReportReporter -->
<testsuite skipped="0" hostname="LAPTOP-VA41J6ID" name="pratice_tn.testngm.NewTest" tests="2" failures="0" timestamp="24 Jan 2020 09:57:22 GMT" time="0.014" errors="0">
  <testcase name="f1" time="0.004" classname="pratice_tn.testngm.NewTest"/>
  <testcase name="f" time="0.010" classname="pratice_tn.testngm.NewTest"/>
</testsuite> <!-- pratice_tn.testngm.NewTest -->
